../kreso/iran-Ra21/plots_dc/pre_iran-Ra21_CCDchiller.dat
../kreso/iran-Ra21/plots_dc/iran-Ra21_CCDchiller.dat
../zoran/PNP-R24A-ph7/PNP-24-a4_uzorak_1/plots_dc/pre_PNP-24-a4_uzorak_1_CCDchiller.dat
../zoran/PNP-R24A-ph7/PNP-24-a4_uzorak_2/plots_dc/pre_PNP-24-a4_uzorak_2_CCDchiller.dat
../zoran/PNP-R24A-ph7/PNP-24-a5_uzorak_1/plots_dc/pre_PNP-24-a5_uzorak_1_CCDchiller.dat
../zoran/PNP-R24A-ph7/PNP-24-a5_uzorak_2/plots_dc/pre_PNP-24-a5_uzorak_2_CCDchiller.dat
../zoran/SAHH/cryo_screen/A10/plots_dc/pre_A10_CCDchiller.dat
../zoran/SAHH/cryo_screen/B3/plots_dc/pre_B3_CCDchiller.dat
../zoran/SAHH/cryo_screen/F1/plots_dc/pre_F1_CCDchiller.dat
../nives/Bj1+CP/+GlyAms/exp_1447/plots_dc/pre_exp_1447_CCDchiller.dat
../nives/Bj1+CP/+GlyAms/exp_1448/plots_dc/pre_exp_1448_CCDchiller.dat
../nives/Bj1+CP/+GlyAms/exp_1448/plots_dc/exp_1448_CCDchiller.dat
../zoran/PNP-R24A-ph7/PNP-24-a5_no_cryo/plots_dc/pre_PNP-24-a5_no_cryo_CCDchiller.dat
../nives/Bj1+CP/deh_2/exp_1450/plots_dc/pre_exp_1450_CCDchiller.dat
../nives/Bj1+CP/deh_2/exp_1451/plots_dc/pre_exp_1451_CCDchiller.dat
../nives/Bj1+CP/deh_2/exp_1452/plots_dc/pre_exp_1452_CCDchiller.dat
../nives/Bj1+CP/deh_3/exp_1453/plots_dc/pre_exp_1453_CCDchiller.dat
../nives/Bj1+CP/deh_1/exp_1454/plots_dc/pre_exp_1454_CCDchiller.dat
../nives/Bj1+CP/deh_4/exp_1455/plots_dc/pre_exp_1455_CCDchiller.dat
../nives/Bj1+CP/+ATP+Gly/exp_1456/plots_dc/pre_exp_1456_CCDchiller.dat
../nives/Bj1+CP/+ATP+Gly/exp_1457/plots_dc/pre_exp_1457_CCDchiller.dat
../nives/Bj1+CP/+ATP+Gly/exp_1458/plots_dc/pre_exp_1458_CCDchiller.dat
../nives/Bj1+CP/+ATP+Gly/exp_1459/plots_dc/pre_exp_1459_CCDchiller.dat
../nives/Bj1+CP/+ATP+Gly/danijela-onaj_nemoguci/plots_dc/pre_danijela-onaj_nemoguci_CCDchiller.dat
../kreso/danijela-onaj_nemoguci/plots_dc/pre_danijela-onaj_nemoguci_CCDchiller.dat
../kreso/danijela-onaj_nemoguci/plots_dc/danijela-onaj_nemoguci_CCDchiller.dat
../kreso/vesna-76-ponovo/plots_dc/pre_vesna-76-ponovo_CCDchiller.dat
../kreso/vesna-69-ponovo/plots_dc/pre_vesna-69-ponovo_CCDchiller.dat
../kreso/vesna-69-ponovo/plots_dc/vesna-69-ponovo_CCDchiller.dat
../nives/Bj1+CP/crosslinking/exp_1465/plots_dc/pre_exp_1465_CCDchiller.dat
../nives/Bj1+CP/crosslinking/exp_1466/plots_dc/pre_exp_1466_CCDchiller.dat
../nives/Bj1+CP/crosslinking/exp_1467/plots_dc/pre_exp_1467_CCDchiller.dat
../nives/Bj1+CP/crosslinking/exp_1468/plots_dc/pre_exp_1468_CCDchiller.dat
../nives/Bj1+CP/crosslinking/exp_1469/plots_dc/pre_exp_1469_CCDchiller.dat
../sasa/C9K9/plots_dc/pre_C9K9_CCDchiller.dat
../sasa/danijela-nemoguci/plots_dc/pre_danijela-nemoguci_CCDchiller.dat
../kreso/danijela-nemoguci/plots_dc/pre_danijela-nemoguci_CCDchiller.dat
../sasa/danijela-nemoguci/plots_dc/danijela-nemoguci_CCDchiller.dat
../kreso/danijela-nemoguci/plots_dc/danijela-nemoguci_CCDchiller.dat
../sasa/L17/plots_dc/pre_L17_CCDchiller.dat
../sasa/L17/plots_dc/L17_CCDchiller.dat
../sasa/L171/plots_dc/pre_L171_CCDchiller.dat
../sasa/L172/plots_dc/pre_L172_CCDchiller.dat
../sasa/L172/plots_dc/L172_CCDchiller.dat
../sasa/L1/plots_dc/pre_L1_CCDchiller.dat
../sasa/L1/plots_dc/L1_CCDchiller.dat
