../goga/RN-2/plots_dc/pre_RN-2_XrayChiller.dat
../goga/RN-2_1/plots_dc/pre_RN-2_1_XrayChiller.dat
../goga/RN-2_1/plots_dc/RN-2_1_XrayChiller.dat
../kreso/RbCN2Cl2Q/plots_dc/pre_RbCN2Cl2Q_XrayChiller.dat
../kreso/KCN2Cl2Q/plots_dc/pre_KCN2Cl2Q_XrayChiller.dat
../kreso/KHCA_celija_1/plots_dc/pre_KHCA_celija_1_XrayChiller.dat
../kreso/KHCA_celija_1/plots_dc/KHCA_celija_1_XrayChiller.dat
../kreso/KHCA_celija_2/plots_dc/pre_KHCA_celija_2_XrayChiller.dat
../kreso/KHCA_celija_3/plots_dc/pre_KHCA_celija_3_XrayChiller.dat
../kreso/KHCA_celija_3/plots_dc/KHCA_celija_3_XrayChiller.dat
../kreso/iran-Thr-28/plots_dc/pre_iran-Thr-28_XrayChiller.dat
../kreso/iran-Thr-28/plots_dc/iran-Thr-28_XrayChiller.dat
../kreso/lidija_Cr2-bipy/plots_dc/pre_lidija_Cr2-bipy_XrayChiller.dat
../kreso/lidija-Cr2-bipy2/plots_dc/pre_lidija-Cr2-bipy2_XrayChiller.dat
../kreso/lidija-Cr2-bipy3/plots_dc/pre_lidija-Cr2-bipy3_XrayChiller.dat
../kreso/lidija-Cr2-bipy4/plots_dc/pre_lidija-Cr2-bipy4_XrayChiller.dat
../kreso/lidija-Cr2-bipy5/plots_dc/pre_lidija-Cr2-bipy5_XrayChiller.dat
../kreso/lidija-Cr-bipy/plots_dc/pre_lidija-Cr-bipy_XrayChiller.dat
../kreso/lidija-Cr2_bipy/plots_dc/pre_lidija-Cr2_bipy_XrayChiller.dat
../kreso/lidija-cr2-bipy/plots_dc/pre_lidija-cr2-bipy_XrayChiller.dat
../kreso/lidija_Cr2_bipy/plots_dc/pre_lidija_Cr2_bipy_XrayChiller.dat
../kreso/lidija-Cr2-bipy/plots_dc/pre_lidija-Cr2-bipy_XrayChiller.dat
../kreso/lidija-Cr2-bipy/plots_dc/lidija-Cr2-bipy_XrayChiller.dat
../kreso/marina_C2FAAB-DMSO/plots_dc/pre_marina_C2FAAB-DMSO_XrayChiller.dat
../igor/12A/plots_dc/pre_12A_XrayChiller.dat
../igor/12A/plots_dc/12A_XrayChiller.dat
../kreso/KHBA-13/plots_dc/pre_KHBA-13_XrayChiller.dat
../kreso/KHBA-13/plots_dc/KHBA-13_XrayChiller.dat
../igor/MCS-IMID/plots_dc/pre_MCS-IMID_XrayChiller.dat
../igor/MCS-IMID/plots_dc/MCS-IMID_XrayChiller.dat
../kreso/KHBA-12/plots_dc/pre_KHBA-12_XrayChiller.dat
../kreso/marina-C2FAAB-DMSO/plots_dc/pre_marina-C2FAAB-DMSO_XrayChiller.dat
../kreso/marina-C2FAAB-DMSO/plots_dc/marina-C2FAAB-DMSO_XrayChiller.dat
../igor/NN/plots_dc/pre_NN_XrayChiller.dat
../igor/NN/plots_dc/NN_XrayChiller.dat
../kreso/lidija_CrII/plots_dc/pre_lidija_CrII_XrayChiller.dat
../kreso/lidija_CrII/plots_dc/lidija_CrII_XrayChiller.dat
../kreso/lidija-CrII_bipy/plots_dc/pre_lidija-CrII_bipy_XrayChiller.dat
../kreso/lidija-CrII_bipy/plots_dc/lidija-CrII_bipy_XrayChiller.dat
../kreso/kokan-2/plots_dc/pre_kokan-2_XrayChiller.dat
../kreso/kokan-2/plots_dc/kokan-2_XrayChiller.dat
../kreso/KHBA-14/plots_dc/pre_KHBA-14_XrayChiller.dat
../kreso/KHBA-14/plots_dc/KHBA-14_XrayChiller.dat
../kreso/lidija_CrII_1/plots_dc/pre_lidija_CrII_1_XrayChiller.dat
../kreso/lidija_CrII_2/plots_dc/pre_lidija_CrII_2_XrayChiller.dat
../kreso/lidija_CrII_2/plots_dc/lidija_CrII_2_XrayChiller.dat
../kreso/marijana_crveni_apsolutna_2/plots_dc/pre_marijana_crveni_apsolutna_2_XrayChiller.dat
../kreso/marijana_crveni_apsolutna_1/plots_dc/pre_marijana_crveni_apsolutna_1_XrayChiller.dat
../kreso/marijana_crveni_apsolutna_1/plots_dc/marijana_crveni_apsolutna_1_XrayChiller.dat
../kreso/powder_Tue-Jun-07-13-52-09-2011/plots_dc/powder_XrayChiller.dat
../kreso/iran-EE-4/plots_dc/pre_iran-EE-4_XrayChiller.dat
../kreso/iran-EE-4/plots_dc/iran-EE-4_XrayChiller.dat
../kreso/KHBA-15/plots_dc/pre_KHBA-15_XrayChiller.dat
../kreso/KTHQ-1/plots_dc/pre_KTHQ-1_XrayChiller.dat
../kreso/KTHQ-2/plots_dc/pre_KTHQ-2_XrayChiller.dat
../kreso/KTHQ-2/plots_dc/KTHQ-2_XrayChiller.dat
../kreso/vlado_imidazol-HCF/plots_dc/pre_vlado_imidazol-HCF_XrayChiller.dat
../kreso/vlado_imidazol-HCF/plots_dc/vlado_imidazol-HCF_XrayChiller.dat
../kreso/LiTHQ-1/plots_dc/pre_LiTHQ-1_XrayChiller.dat
../kreso/LiTHQ-1/plots_dc/LiTHQ-1_XrayChiller.dat
../kreso/marijana_zuti_1/plots_dc/pre_marijana_zuti_1_XrayChiller.dat
../kreso/iran_EE-2/plots_dc/pre_iran_EE-2_XrayChiller.dat
../kreso/iran-EE-2/plots_dc/pre_iran-EE-2_XrayChiller.dat
../kreso/iran-EE-2/plots_dc/iran-EE-2_XrayChiller.dat
../kreso/cetina-1/plots_dc/pre_cetina-1_XrayChiller.dat
../kreso/cetina-1/plots_dc/cetina-1_XrayChiller.dat
../kreso/lidija_phen_1/plots_dc/pre_lidija_phen_1_XrayChiller.dat
../kreso/lidija_phen_2/plots_dc/pre_lidija_phen_2_XrayChiller.dat
../kreso/lidija_phen_3/plots_dc/pre_lidija_phen_3_XrayChiller.dat
../kreso/lidija_phen_4/plots_dc/pre_lidija_phen_4_XrayChiller.dat
../kreso/lidija_phen_4/plots_dc/lidija_phen_4_XrayChiller.dat
../kreso/marijana_KMn-Co-81/plots_dc/pre_marijana_KMn-Co-81_XrayChiller.dat
../kreso/marijana_KMn-Co-81-plocice/plots_dc/pre_marijana_KMn-Co-81-plocice_XrayChiller.dat
../kreso/marijana_KMn-Cr-81-prizma/plots_dc/pre_marijana_KMn-Cr-81-prizma_XrayChiller.dat
../sasa/KCu2GRE/plots_dc/pre_KCu2GRE_XrayChiller.dat
../sasa/KCu2Yel/plots_dc/pre_KCu2Yel_XrayChiller.dat
../sasa/KZn1/plots_dc/pre_KZn1_XrayChiller.dat
../sasa/KCu2GRE1/plots_dc/pre_KCu2GRE1_XrayChiller.dat
../sasa/L2A/plots_dc/pre_L2A_XrayChiller.dat
../sasa/L2A/plots_dc/L2A_XrayChiller.dat
../sasa/L2A_1/plots_dc/pre_L2A_1_XrayChiller.dat
../sasa/L2A_1/plots_dc/L2A_1_XrayChiller.dat
